<?xml version="1.0" encoding="UTF-8"?>
<testng-results ignored="0" total="1" passed="1" failed="0" skipped="0">
  <reporter-output>
    <line>
      <![CDATA[Product Name is:WunderVoX 3D Flame Styling Wall Mounted Heater Winter Warmer Room Heater Electric-X37 3D Flame Styling Wall Mounted Heater Winter Warmer Room Heater Electric Fan Room Heater]]>
    </line>
    <line>
      <![CDATA[Cart Product Name is:WunderVoX 3D Flame Styling Wall Mounted Heater Winter Warmer Room Heater Electric-X37 3D Flame Styling Wall Mounted Heater Winter Warmer Room Heater Electric Fan Room Heater]]>
    </line>
    <line>
      <![CDATA[flipkartAddWinterHeaterSuccess]]>
    </line>
  </reporter-output>
  <suite started-at="2022-09-30T13:42:07 IST" name="Default suite" finished-at="2022-09-30T13:43:15 IST" duration-ms="68512">
    <groups>
    </groups>
    <test started-at="2022-09-30T13:42:07 IST" name="Default test" finished-at="2022-09-30T13:43:15 IST" duration-ms="68512">
      <class name="com.flipkart.addToCart.FlipkartAddWinterHeater">
        <test-method is-config="true" signature="classSetup()[pri:0, instance:com.flipkart.addToCart.FlipkartAddWinterHeater@550dbc7a]" started-at="2022-09-30T13:42:07 IST" name="classSetup" finished-at="2022-09-30T13:43:09 IST" duration-ms="62018" status="PASS">
          <reporter-output>
          </reporter-output>
        </test-method> <!-- classSetup -->
        <test-method is-config="true" signature="methodSetup()[pri:0, instance:com.flipkart.addToCart.FlipkartAddWinterHeater@550dbc7a]" started-at="2022-09-30T13:43:09 IST" name="methodSetup" finished-at="2022-09-30T13:43:09 IST" duration-ms="0" status="PASS">
          <reporter-output>
          </reporter-output>
        </test-method> <!-- methodSetup -->
        <test-method signature="flipkartAddWinterHeater()[pri:0, instance:com.flipkart.addToCart.FlipkartAddWinterHeater@550dbc7a]" started-at="2022-09-30T13:43:09 IST" name="flipkartAddWinterHeater" finished-at="2022-09-30T13:43:15 IST" duration-ms="6144" status="PASS">
          <reporter-output>
            <line>
              <![CDATA[Product Name is:WunderVoX 3D Flame Styling Wall Mounted Heater Winter Warmer Room Heater Electric-X37 3D Flame Styling Wall Mounted Heater Winter Warmer Room Heater Electric Fan Room Heater]]>
            </line>
            <line>
              <![CDATA[Cart Product Name is:WunderVoX 3D Flame Styling Wall Mounted Heater Winter Warmer Room Heater Electric-X37 3D Flame Styling Wall Mounted Heater Winter Warmer Room Heater Electric Fan Room Heater]]>
            </line>
            <line>
              <![CDATA[flipkartAddWinterHeaterSuccess]]>
            </line>
          </reporter-output>
        </test-method> <!-- flipkartAddWinterHeater -->
        <test-method is-config="true" signature="methodTeardown()[pri:0, instance:com.flipkart.addToCart.FlipkartAddWinterHeater@550dbc7a]" started-at="2022-09-30T13:43:15 IST" name="methodTeardown" finished-at="2022-09-30T13:43:15 IST" duration-ms="0" status="PASS">
          <reporter-output>
          </reporter-output>
        </test-method> <!-- methodTeardown -->
        <test-method is-config="true" signature="classTeardown()[pri:0, instance:com.flipkart.addToCart.FlipkartAddWinterHeater@550dbc7a]" started-at="2022-09-30T13:43:15 IST" name="classTeardown" finished-at="2022-09-30T13:43:15 IST" duration-ms="280" status="PASS">
          <reporter-output>
          </reporter-output>
        </test-method> <!-- classTeardown -->
      </class> <!-- com.flipkart.addToCart.FlipkartAddWinterHeater -->
    </test> <!-- Default test -->
  </suite> <!-- Default suite -->
</testng-results>
